11:20:12.322 [main] INFO  api.test.UserTest - @@@@@@@@@    Creating User  @@@@@@@@@@@@@@@@
11:20:18.214 [main] INFO  api.test.UserTest - @@@@@@@@@    Created User  @@@@@@@@@@@@@@@@
11:20:18.234 [main] INFO  api.test.UserTest - @@@@@@@@@   Reading User info  @@@@@@@@@@@@@@@@
11:20:19.961 [main] INFO  api.test.UserTest - @@@@@@@@@    user info is Displayed  @@@@@@@@@@@@@@@@
11:20:19.972 [main] INFO  api.test.UserTest - @@@@@@@@@    Updating User  @@@@@@@@@@@@@@@@
11:20:20.056 [main] INFO  api.test.UserTest - @@@@@@@@@    Deleting User  @@@@@@@@@@@@@@@@
11:20:21.804 [main] INFO  api.test.UserTest - @@@@@@@@@    Deleted User  @@@@@@@@@@@@@@@@
11:27:05.733 [main] DEBUG api.test.UserTest - debugging..........
11:27:05.754 [main] INFO  api.test.UserTest - @@@@@@@@@    Creating User  @@@@@@@@@@@@@@@@
11:27:09.022 [main] INFO  api.test.UserTest - @@@@@@@@@    Created User  @@@@@@@@@@@@@@@@
11:27:09.036 [main] INFO  api.test.UserTest - @@@@@@@@@   Reading User info  @@@@@@@@@@@@@@@@
11:27:10.620 [main] INFO  api.test.UserTest - @@@@@@@@@    user info is Displayed  @@@@@@@@@@@@@@@@
11:27:10.623 [main] INFO  api.test.UserTest - @@@@@@@@@    Updating User  @@@@@@@@@@@@@@@@
11:27:10.645 [main] INFO  api.test.UserTest - @@@@@@@@@    Deleting User  @@@@@@@@@@@@@@@@
11:27:12.481 [main] INFO  api.test.UserTest - @@@@@@@@@    Deleted User  @@@@@@@@@@@@@@@@
12:18:22.976 [main] DEBUG api.test.UserTest - debugging..........
12:18:22.996 [main] INFO  api.test.UserTest - @@@@@@@@@    Creating User  @@@@@@@@@@@@@@@@
12:18:26.116 [main] INFO  api.test.UserTest - @@@@@@@@@    Created User  @@@@@@@@@@@@@@@@
12:18:26.140 [main] INFO  api.test.UserTest - @@@@@@@@@   Reading User info  @@@@@@@@@@@@@@@@
12:18:28.219 [main] INFO  api.test.UserTest - @@@@@@@@@    user info is Displayed  @@@@@@@@@@@@@@@@
12:18:28.222 [main] INFO  api.test.UserTest - @@@@@@@@@    Updating User  @@@@@@@@@@@@@@@@
12:18:31.636 [main] INFO  api.test.UserTest - @@@@@@@@@    Updated  User  @@@@@@@@@@@@@@@@
12:18:31.640 [main] INFO  api.test.UserTest - @@@@@@@@@    Deleting User  @@@@@@@@@@@@@@@@
12:18:32.969 [main] INFO  api.test.UserTest - @@@@@@@@@    Deleted User  @@@@@@@@@@@@@@@@
21:57:55.459 [main] DEBUG api.test.UserTest - debugging..........
21:57:55.482 [main] INFO  api.test.UserTest - @@@@@@@@@    Creating User  @@@@@@@@@@@@@@@@
21:57:59.336 [main] INFO  api.test.UserTest - @@@@@@@@@    Created User  @@@@@@@@@@@@@@@@
21:57:59.354 [main] INFO  api.test.UserTest - @@@@@@@@@   Reading User info  @@@@@@@@@@@@@@@@
21:58:00.899 [main] INFO  api.test.UserTest - @@@@@@@@@    user info is Displayed  @@@@@@@@@@@@@@@@
21:58:00.903 [main] INFO  api.test.UserTest - @@@@@@@@@    Updating User  @@@@@@@@@@@@@@@@
21:58:04.051 [main] INFO  api.test.UserTest - @@@@@@@@@    Updated  User  @@@@@@@@@@@@@@@@
21:58:04.055 [main] INFO  api.test.UserTest - @@@@@@@@@    Deleting User  @@@@@@@@@@@@@@@@
21:58:05.482 [main] INFO  api.test.UserTest - @@@@@@@@@    Deleted User  @@@@@@@@@@@@@@@@
22:01:51.195 [main] DEBUG api.test.UserTest - debugging..........
22:01:51.214 [main] INFO  api.test.UserTest - @@@@@@@@@    Creating User  @@@@@@@@@@@@@@@@
22:01:54.240 [main] INFO  api.test.UserTest - @@@@@@@@@    Created User  @@@@@@@@@@@@@@@@
22:01:54.252 [main] INFO  api.test.UserTest - @@@@@@@@@   Reading User info  @@@@@@@@@@@@@@@@
22:01:55.803 [main] INFO  api.test.UserTest - @@@@@@@@@    user info is Displayed  @@@@@@@@@@@@@@@@
22:01:55.807 [main] INFO  api.test.UserTest - @@@@@@@@@    Updating User  @@@@@@@@@@@@@@@@
22:01:58.721 [main] INFO  api.test.UserTest - @@@@@@@@@    Updated  User  @@@@@@@@@@@@@@@@
22:01:58.724 [main] INFO  api.test.UserTest - @@@@@@@@@    Deleting User  @@@@@@@@@@@@@@@@
22:02:00.240 [main] INFO  api.test.UserTest - @@@@@@@@@    Deleted User  @@@@@@@@@@@@@@@@
13:32:19.085 [main] DEBUG api.test.UserTest - debugging..........
13:32:19.111 [main] INFO  api.test.UserTest - @@@@@@@@@    Creating User  @@@@@@@@@@@@@@@@
13:32:20.677 [main] INFO  api.test.UserTest - @@@@@@@@@   Reading User info  @@@@@@@@@@@@@@@@
13:32:20.747 [main] INFO  api.test.UserTest - @@@@@@@@@    Updating User  @@@@@@@@@@@@@@@@
13:32:20.802 [main] INFO  api.test.UserTest - @@@@@@@@@    Deleting User  @@@@@@@@@@@@@@@@
13:33:50.158 [main] DEBUG api.test.UserTest - debugging..........
13:33:50.183 [main] INFO  api.test.UserTest - @@@@@@@@@    Creating User  @@@@@@@@@@@@@@@@
13:33:56.177 [main] INFO  api.test.UserTest - @@@@@@@@@    Created User  @@@@@@@@@@@@@@@@
13:33:56.195 [main] INFO  api.test.UserTest - @@@@@@@@@   Reading User info  @@@@@@@@@@@@@@@@
13:34:00.257 [main] INFO  api.test.UserTest - @@@@@@@@@    user info is Displayed  @@@@@@@@@@@@@@@@
13:34:00.263 [main] INFO  api.test.UserTest - @@@@@@@@@    Updating User  @@@@@@@@@@@@@@@@
13:34:07.776 [main] INFO  api.test.UserTest - @@@@@@@@@    Updated  User  @@@@@@@@@@@@@@@@
13:34:07.780 [main] INFO  api.test.UserTest - @@@@@@@@@    Deleting User  @@@@@@@@@@@@@@@@
13:34:11.048 [main] INFO  api.test.UserTest - @@@@@@@@@    Deleted User  @@@@@@@@@@@@@@@@
13:35:33.936 [main] DEBUG api.test.UserTest - debugging..........
13:35:33.956 [main] INFO  api.test.UserTest - @@@@@@@@@    Creating User  @@@@@@@@@@@@@@@@
13:35:41.608 [main] INFO  api.test.UserTest - @@@@@@@@@    Created User  @@@@@@@@@@@@@@@@
13:35:41.624 [main] INFO  api.test.UserTest - @@@@@@@@@   Reading User info  @@@@@@@@@@@@@@@@
13:35:44.652 [main] INFO  api.test.UserTest - @@@@@@@@@    user info is Displayed  @@@@@@@@@@@@@@@@
13:35:44.656 [main] INFO  api.test.UserTest - @@@@@@@@@    Updating User  @@@@@@@@@@@@@@@@
13:35:51.861 [main] INFO  api.test.UserTest - @@@@@@@@@    Updated  User  @@@@@@@@@@@@@@@@
13:35:51.864 [main] INFO  api.test.UserTest - @@@@@@@@@    Deleting User  @@@@@@@@@@@@@@@@
13:35:55.937 [main] INFO  api.test.UserTest - @@@@@@@@@    Deleted User  @@@@@@@@@@@@@@@@
13:37:44.015 [main] DEBUG api.test.UserTest - debugging..........
13:37:44.033 [main] INFO  api.test.UserTest - @@@@@@@@@    Creating User  @@@@@@@@@@@@@@@@
13:37:49.438 [main] INFO  api.test.UserTest - @@@@@@@@@    Created User  @@@@@@@@@@@@@@@@
13:37:49.451 [main] INFO  api.test.UserTest - @@@@@@@@@   Reading User info  @@@@@@@@@@@@@@@@
13:37:52.740 [main] INFO  api.test.UserTest - @@@@@@@@@    user info is Displayed  @@@@@@@@@@@@@@@@
13:37:52.744 [main] INFO  api.test.UserTest - @@@@@@@@@    Updating User  @@@@@@@@@@@@@@@@
13:37:59.506 [main] INFO  api.test.UserTest - @@@@@@@@@    Updated  User  @@@@@@@@@@@@@@@@
13:37:59.509 [main] INFO  api.test.UserTest - @@@@@@@@@    Deleting User  @@@@@@@@@@@@@@@@
13:38:02.724 [main] INFO  api.test.UserTest - @@@@@@@@@    Deleted User  @@@@@@@@@@@@@@@@
